# JRE version: OpenJDK Runtime Environment (8.0_152-b01) (build 1.8.0_152-release-1343-b01)
# Java VM: OpenJDK 64-Bit Server VM (25.152-b01 mixed mode windows-amd64 compressed oops)
Heap:
 PSYoungGen      total 272896K, used 64958K [0x00000000e0000000, 0x00000000f7b80000, 0x0000000100000000)
  eden space 262144K, 24% used [0x00000000e0000000,0x00000000e3f6f8c0,0x00000000f0000000)
  from space 10752K, 0% used [0x00000000f0000000,0x00000000f0000000,0x00000000f0a80000)
  to   space 14848K, 0% used [0x00000000f6d00000,0x00000000f6d00000,0x00000000f7b80000)
 ParOldGen       total 105472K, used 17981K [0x00000000a0000000, 0x00000000a6700000, 0x00000000e0000000)
  object space 105472K, 17% used [0x00000000a0000000,0x00000000a118f518,0x00000000a6700000)
 Metaspace       used 42100K, capacity 43038K, committed 43176K, reserved 1087488K
  class space    used 5722K, capacity 5980K, committed 6056K, reserved 1048576K
GC Heap History (10 events):
Event: 12.965 GC heap before
{Heap before GC invocations=3 (full 0):
 PSYoungGen      total 141824K, used 62760K [0x00000000e0000000, 0x00000000e9500000, 0x0000000100000000)
  eden space 131072K, 40% used [0x00000000e0000000,0x00000000e3370d20,0x00000000e8000000)
  from space 10752K, 93% used [0x00000000e8a80000,0x00000000e9459530,0x00000000e9500000)
  to   space 10752K, 0% used [0x00000000e8000000,0x00000000e8000000,0x00000000e8a80000)
 ParOldGen       total 175104K, used 16K [0x00000000a0000000, 0x00000000aab00000, 0x00000000e0000000)
  object space 175104K, 0% used [0x00000000a0000000,0x00000000a0004000,0x00000000aab00000)
 Metaspace       used 20676K, capacity 21144K, committed 21296K, reserved 1067008K
  class space    used 2907K, capacity 3093K, committed 3200K, reserved 1048576K
Event: 12.995 GC heap after
Heap after GC invocations=3 (full 0):
 PSYoungGen      total 141824K, used 10742K [0x00000000e0000000, 0x00000000f1500000, 0x0000000100000000)
  eden space 131072K, 0% used [0x00000000e0000000,0x00000000e0000000,0x00000000e8000000)
  from space 10752K, 99% used [0x00000000e8000000,0x00000000e8a7d8f8,0x00000000e8a80000)
  to   space 10752K, 0% used [0x00000000f0a80000,0x00000000f0a80000,0x00000000f1500000)
 ParOldGen       total 175104K, used 598K [0x00000000a0000000, 0x00000000aab00000, 0x00000000e0000000)
  object space 175104K, 0% used [0x00000000a0000000,0x00000000a0095870,0x00000000aab00000)
 Metaspace       used 20676K, capacity 21144K, committed 21296K, reserved 1067008K
  class space    used 2907K, capacity 3093K, committed 3200K, reserved 1048576K
}
Event: 12.996 GC heap before
{Heap before GC invocations=4 (full 1):
 PSYoungGen      total 141824K, used 10742K [0x00000000e0000000, 0x00000000f1500000, 0x0000000100000000)
  eden space 131072K, 0% used [0x00000000e0000000,0x00000000e0000000,0x00000000e8000000)
  from space 10752K, 99% used [0x00000000e8000000,0x00000000e8a7d8f8,0x00000000e8a80000)
  to   space 10752K, 0% used [0x00000000f0a80000,0x00000000f0a80000,0x00000000f1500000)
 ParOldGen       total 175104K, used 598K [0x00000000a0000000, 0x00000000aab00000, 0x00000000e0000000)
  object space 175104K, 0% used [0x00000000a0000000,0x00000000a0095870,0x00000000aab00000)
 Metaspace       used 20676K, capacity 21144K, committed 21296K, reserved 1067008K
  class space    used 2907K, capacity 3093K, committed 3200K, reserved 1048576K
Event: 13.108 GC heap after
Heap after GC invocations=4 (full 1):
 PSYoungGen      total 141824K, used 0K [0x00000000e0000000, 0x00000000f1500000, 0x0000000100000000)
  eden space 131072K, 0% used [0x00000000e0000000,0x00000000e0000000,0x00000000e8000000)
  from space 10752K, 0% used [0x00000000e8000000,0x00000000e8000000,0x00000000e8a80000)
  to   space 10752K, 0% used [0x00000000f0a80000,0x00000000f0a80000,0x00000000f1500000)
 ParOldGen       total 105472K, used 11002K [0x00000000a0000000, 0x00000000a6700000, 0x00000000e0000000)
  object space 105472K, 10% used [0x00000000a0000000,0x00000000a0abebc8,0x00000000a6700000)
 Metaspace       used 20676K, capacity 21144K, committed 21296K, reserved 1067008K
  class space    used 2907K, capacity 3093K, committed 3200K, reserved 1048576K
}
Event: 18.981 GC heap before
{Heap before GC invocations=5 (full 1):
 PSYoungGen      total 141824K, used 131072K [0x00000000e0000000, 0x00000000f1500000, 0x0000000100000000)
  eden space 131072K, 100% used [0x00000000e0000000,0x00000000e8000000,0x00000000e8000000)
  from space 10752K, 0% used [0x00000000e8000000,0x00000000e8000000,0x00000000e8a80000)
  to   space 10752K, 0% used [0x00000000f0a80000,0x00000000f0a80000,0x00000000f1500000)
 ParOldGen       total 105472K, used 11002K [0x00000000a0000000, 0x00000000a6700000, 0x00000000e0000000)
  object space 105472K, 10% used [0x00000000a0000000,0x00000000a0abebc8,0x00000000a6700000)
 Metaspace       used 32323K, capacity 32862K, committed 33152K, reserved 1077248K
  class space    used 4448K, capacity 4639K, committed 4736K, reserved 1048576K
Event: 19.173 GC heap after
Heap after GC invocations=5 (full 1):
 PSYoungGen      total 228352K, used 10749K [0x00000000e0000000, 0x00000000f1500000, 0x0000000100000000)
  eden space 217600K, 0% used [0x00000000e0000000,0x00000000e0000000,0x00000000ed480000)
  from space 10752K, 99% used [0x00000000f0a80000,0x00000000f14ff510,0x00000000f1500000)
  to   space 10752K, 0% used [0x00000000f0000000,0x00000000f0000000,0x00000000f0a80000)
 ParOldGen       total 105472K, used 13794K [0x00000000a0000000, 0x00000000a6700000, 0x00000000e0000000)
  object space 105472K, 13% used [0x00000000a0000000,0x00000000a0d78800,0x00000000a6700000)
 Metaspace       used 32323K, capacity 32862K, committed 33152K, reserved 1077248K
  class space    used 4448K, capacity 4639K, committed 4736K, reserved 1048576K
}
Event: 21.333 GC heap before
{Heap before GC invocations=6 (full 1):
 PSYoungGen      total 228352K, used 66373K [0x00000000e0000000, 0x00000000f1500000, 0x0000000100000000)
  eden space 217600K, 25% used [0x00000000e0000000,0x00000000e3651f18,0x00000000ed480000)
  from space 10752K, 99% used [0x00000000f0a80000,0x00000000f14ff510,0x00000000f1500000)
  to   space 10752K, 0% used [0x00000000f0000000,0x00000000f0000000,0x00000000f0a80000)
 ParOldGen       total 105472K, used 13794K [0x00000000a0000000, 0x00000000a6700000, 0x00000000e0000000)
  object space 105472K, 13% used [0x00000000a0000000,0x00000000a0d78800,0x00000000a6700000)
 Metaspace       used 34677K, capacity 35394K, committed 35496K, reserved 1079296K
  class space    used 4780K, capacity 4999K, committed 5032K, reserved 1048576K
Event: 21.364 GC heap after
Heap after GC invocations=6 (full 1):
 PSYoungGen      total 272896K, used 10441K [0x00000000e0000000, 0x00000000f7b80000, 0x0000000100000000)
  eden space 262144K, 0% used [0x00000000e0000000,0x00000000e0000000,0x00000000f0000000)
  from space 10752K, 97% used [0x00000000f0000000,0x00000000f0a32460,0x00000000f0a80000)
  to   space 14848K, 0% used [0x00000000f6d00000,0x00000000f6d00000,0x00000000f7b80000)
 ParOldGen       total 105472K, used 13802K [0x00000000a0000000, 0x00000000a6700000, 0x00000000e0000000)
  object space 105472K, 13% used [0x00000000a0000000,0x00000000a0d7a800,0x00000000a6700000)
 Metaspace       used 34677K, capacity 35394K, committed 35496K, reserved 1079296K
  class space    used 4780K, capacity 4999K, committed 5032K, reserved 1048576K
}
Event: 21.364 GC heap before
{Heap before GC invocations=7 (full 2):
 PSYoungGen      total 272896K, used 10441K [0x00000000e0000000, 0x00000000f7b80000, 0x0000000100000000)
  eden space 262144K, 0% used [0x00000000e0000000,0x00000000e0000000,0x00000000f0000000)
  from space 10752K, 97% used [0x00000000f0000000,0x00000000f0a32460,0x00000000f0a80000)
  to   space 14848K, 0% used [0x00000000f6d00000,0x00000000f6d00000,0x00000000f7b80000)
 ParOldGen       total 105472K, used 13802K [0x00000000a0000000, 0x00000000a6700000, 0x00000000e0000000)
  object space 105472K, 13% used [0x00000000a0000000,0x00000000a0d7a800,0x00000000a6700000)
 Metaspace       used 34677K, capacity 35394K, committed 35496K, reserved 1079296K
  class space    used 4780K, capacity 4999K, committed 5032K, reserved 1048576K
Event: 21.519 GC heap after
Heap after GC invocations=7 (full 2):
 PSYoungGen      total 272896K, used 0K [0x00000000e0000000, 0x00000000f7b80000, 0x0000000100000000)
  eden space 262144K, 0% used [0x00000000e0000000,0x00000000e0000000,0x00000000f0000000)
  from space 10752K, 0% used [0x00000000f0000000,0x00000000f0000000,0x00000000f0a80000)
  to   space 14848K, 0% used [0x00000000f6d00000,0x00000000f6d00000,0x00000000f7b80000)
 ParOldGen       total 105472K, used 17981K [0x00000000a0000000, 0x00000000a6700000, 0x00000000e0000000)
  object space 105472K, 17% used [0x00000000a0000000,0x00000000a118f518,0x00000000a6700000)
 Metaspace       used 34677K, capacity 35394K, committed 35496K, reserved 1079296K
  class space    used 4780K, capacity 4999K, committed 5032K, reserved 1048576K
}

