# JRE version: OpenJDK Runtime Environment (8.0_152-b01) (build 1.8.0_152-release-1343-b01)
# Java VM: OpenJDK 64-Bit Server VM (25.152-b01 mixed mode windows-amd64 compressed oops)
Heap:
 PSYoungGen      total 151552K, used 43244K [0x00000000e0000000, 0x00000000ed900000, 0x0000000100000000)
  eden space 137216K, 31% used [0x00000000e0000000,0x00000000e2a3b210,0x00000000e8600000)
  from space 14336K, 0% used [0x00000000e9380000,0x00000000e9380000,0x00000000ea180000)
  to   space 13824K, 0% used [0x00000000e8600000,0x00000000e8600000,0x00000000e9380000)
 ParOldGen       total 111616K, used 16993K [0x00000000a0000000, 0x00000000a6d00000, 0x00000000e0000000)
  object space 111616K, 15% used [0x00000000a0000000,0x00000000a1098468,0x00000000a6d00000)
 Metaspace       used 41217K, capacity 42038K, committed 42280K, reserved 1087488K
  class space    used 5608K, capacity 5838K, committed 5928K, reserved 1048576K
GC Heap History (10 events):
Event: 10.093 GC heap before
{Heap before GC invocations=4 (full 1):
 PSYoungGen      total 76288K, used 10740K [0x00000000e0000000, 0x00000000e9500000, 0x0000000100000000)
  eden space 65536K, 0% used [0x00000000e0000000,0x00000000e0000000,0x00000000e4000000)
  from space 10752K, 99% used [0x00000000e4000000,0x00000000e4a7d1a0,0x00000000e4a80000)
  to   space 10752K, 0% used [0x00000000e8a80000,0x00000000e8a80000,0x00000000e9500000)
 ParOldGen       total 175104K, used 638K [0x00000000a0000000, 0x00000000aab00000, 0x00000000e0000000)
  object space 175104K, 0% used [0x00000000a0000000,0x00000000a009f840,0x00000000aab00000)
 Metaspace       used 20689K, capacity 21144K, committed 21296K, reserved 1067008K
  class space    used 2909K, capacity 3093K, committed 3200K, reserved 1048576K
Event: 10.230 GC heap after
Heap after GC invocations=4 (full 1):
 PSYoungGen      total 76288K, used 0K [0x00000000e0000000, 0x00000000e9500000, 0x0000000100000000)
  eden space 65536K, 0% used [0x00000000e0000000,0x00000000e0000000,0x00000000e4000000)
  from space 10752K, 0% used [0x00000000e4000000,0x00000000e4000000,0x00000000e4a80000)
  to   space 10752K, 0% used [0x00000000e8a80000,0x00000000e8a80000,0x00000000e9500000)
 ParOldGen       total 111616K, used 11066K [0x00000000a0000000, 0x00000000a6d00000, 0x00000000e0000000)
  object space 111616K, 9% used [0x00000000a0000000,0x00000000a0ace8c8,0x00000000a6d00000)
 Metaspace       used 20689K, capacity 21144K, committed 21296K, reserved 1067008K
  class space    used 2909K, capacity 3093K, committed 3200K, reserved 1048576K
}
Event: 12.371 GC heap before
{Heap before GC invocations=5 (full 1):
 PSYoungGen      total 76288K, used 65536K [0x00000000e0000000, 0x00000000e9500000, 0x0000000100000000)
  eden space 65536K, 100% used [0x00000000e0000000,0x00000000e4000000,0x00000000e4000000)
  from space 10752K, 0% used [0x00000000e4000000,0x00000000e4000000,0x00000000e4a80000)
  to   space 10752K, 0% used [0x00000000e8a80000,0x00000000e8a80000,0x00000000e9500000)
 ParOldGen       total 111616K, used 11066K [0x00000000a0000000, 0x00000000a6d00000, 0x00000000e0000000)
  object space 111616K, 9% used [0x00000000a0000000,0x00000000a0ace8c8,0x00000000a6d00000)
 Metaspace       used 27878K, capacity 28356K, committed 28672K, reserved 1073152K
  class space    used 3809K, capacity 3998K, committed 4096K, reserved 1048576K
Event: 12.386 GC heap after
Heap after GC invocations=5 (full 1):
 PSYoungGen      total 102912K, used 7227K [0x00000000e0000000, 0x00000000e9200000, 0x0000000100000000)
  eden space 95232K, 0% used [0x00000000e0000000,0x00000000e0000000,0x00000000e5d00000)
  from space 7680K, 94% used [0x00000000e8a80000,0x00000000e918ee28,0x00000000e9200000)
  to   space 10752K, 0% used [0x00000000e7d00000,0x00000000e7d00000,0x00000000e8780000)
 ParOldGen       total 111616K, used 11074K [0x00000000a0000000, 0x00000000a6d00000, 0x00000000e0000000)
  object space 111616K, 9% used [0x00000000a0000000,0x00000000a0ad08c8,0x00000000a6d00000)
 Metaspace       used 27878K, capacity 28356K, committed 28672K, reserved 1073152K
  class space    used 3809K, capacity 3998K, committed 4096K, reserved 1048576K
}
Event: 16.735 GC heap before
{Heap before GC invocations=6 (full 1):
 PSYoungGen      total 102912K, used 102459K [0x00000000e0000000, 0x00000000e9200000, 0x0000000100000000)
  eden space 95232K, 100% used [0x00000000e0000000,0x00000000e5d00000,0x00000000e5d00000)
  from space 7680K, 94% used [0x00000000e8a80000,0x00000000e918ee28,0x00000000e9200000)
  to   space 10752K, 0% used [0x00000000e7d00000,0x00000000e7d00000,0x00000000e8780000)
 ParOldGen       total 111616K, used 11074K [0x00000000a0000000, 0x00000000a6d00000, 0x00000000e0000000)
  object space 111616K, 9% used [0x00000000a0000000,0x00000000a0ad08c8,0x00000000a6d00000)
 Metaspace       used 33603K, capacity 34254K, committed 34560K, reserved 1079296K
  class space    used 4639K, capacity 4852K, committed 4864K, reserved 1048576K
Event: 16.771 GC heap after
Heap after GC invocations=6 (full 1):
 PSYoungGen      total 138752K, used 10731K [0x00000000e0000000, 0x00000000ea180000, 0x0000000100000000)
  eden space 128000K, 0% used [0x00000000e0000000,0x00000000e0000000,0x00000000e7d00000)
  from space 10752K, 99% used [0x00000000e7d00000,0x00000000e877af88,0x00000000e8780000)
  to   space 14336K, 0% used [0x00000000e9380000,0x00000000e9380000,0x00000000ea180000)
 ParOldGen       total 111616K, used 12087K [0x00000000a0000000, 0x00000000a6d00000, 0x00000000e0000000)
  object space 111616K, 10% used [0x00000000a0000000,0x00000000a0bcdff0,0x00000000a6d00000)
 Metaspace       used 33603K, capacity 34254K, committed 34560K, reserved 1079296K
  class space    used 4639K, capacity 4852K, committed 4864K, reserved 1048576K
}
Event: 17.649 GC heap before
{Heap before GC invocations=7 (full 1):
 PSYoungGen      total 138752K, used 32588K [0x00000000e0000000, 0x00000000ea180000, 0x0000000100000000)
  eden space 128000K, 17% used [0x00000000e0000000,0x00000000e15580e0,0x00000000e7d00000)
  from space 10752K, 99% used [0x00000000e7d00000,0x00000000e877af88,0x00000000e8780000)
  to   space 14336K, 0% used [0x00000000e9380000,0x00000000e9380000,0x00000000ea180000)
 ParOldGen       total 111616K, used 12087K [0x00000000a0000000, 0x00000000a6d00000, 0x00000000e0000000)
  object space 111616K, 10% used [0x00000000a0000000,0x00000000a0bcdff0,0x00000000a6d00000)
 Metaspace       used 34733K, capacity 35424K, committed 35496K, reserved 1079296K
  class space    used 4795K, capacity 5004K, committed 5032K, reserved 1048576K
Event: 17.675 GC heap after
Heap after GC invocations=7 (full 1):
 PSYoungGen      total 151552K, used 9329K [0x00000000e0000000, 0x00000000ed900000, 0x0000000100000000)
  eden space 137216K, 0% used [0x00000000e0000000,0x00000000e0000000,0x00000000e8600000)
  from space 14336K, 65% used [0x00000000e9380000,0x00000000e9c9c728,0x00000000ea180000)
  to   space 13824K, 0% used [0x00000000e8600000,0x00000000e8600000,0x00000000e9380000)
 ParOldGen       total 111616K, used 12095K [0x00000000a0000000, 0x00000000a6d00000, 0x00000000e0000000)
  object space 111616K, 10% used [0x00000000a0000000,0x00000000a0bcfff0,0x00000000a6d00000)
 Metaspace       used 34733K, capacity 35424K, committed 35496K, reserved 1079296K
  class space    used 4795K, capacity 5004K, committed 5032K, reserved 1048576K
}
Event: 17.675 GC heap before
{Heap before GC invocations=8 (full 2):
 PSYoungGen      total 151552K, used 9329K [0x00000000e0000000, 0x00000000ed900000, 0x0000000100000000)
  eden space 137216K, 0% used [0x00000000e0000000,0x00000000e0000000,0x00000000e8600000)
  from space 14336K, 65% used [0x00000000e9380000,0x00000000e9c9c728,0x00000000ea180000)
  to   space 13824K, 0% used [0x00000000e8600000,0x00000000e8600000,0x00000000e9380000)
 ParOldGen       total 111616K, used 12095K [0x00000000a0000000, 0x00000000a6d00000, 0x00000000e0000000)
  object space 111616K, 10% used [0x00000000a0000000,0x00000000a0bcfff0,0x00000000a6d00000)
 Metaspace       used 34733K, capacity 35424K, committed 35496K, reserved 1079296K
  class space    used 4795K, capacity 5004K, committed 5032K, reserved 1048576K
Event: 17.866 GC heap after
Heap after GC invocations=8 (full 2):
 PSYoungGen      total 151552K, used 0K [0x00000000e0000000, 0x00000000ed900000, 0x0000000100000000)
  eden space 137216K, 0% used [0x00000000e0000000,0x00000000e0000000,0x00000000e8600000)
  from space 14336K, 0% used [0x00000000e9380000,0x00000000e9380000,0x00000000ea180000)
  to   space 13824K, 0% used [0x00000000e8600000,0x00000000e8600000,0x00000000e9380000)
 ParOldGen       total 111616K, used 16993K [0x00000000a0000000, 0x00000000a6d00000, 0x00000000e0000000)
  object space 111616K, 15% used [0x00000000a0000000,0x00000000a1098468,0x00000000a6d00000)
 Metaspace       used 34728K, capacity 35406K, committed 35496K, reserved 1079296K
  class space    used 4794K, capacity 5001K, committed 5032K, reserved 1048576K
}

