# JRE version: OpenJDK Runtime Environment (8.0_152-b01) (build 1.8.0_152-release-1343-b01)
# Java VM: OpenJDK 64-Bit Server VM (25.152-b01 mixed mode windows-amd64 compressed oops)
Heap:
 PSYoungGen      total 104960K, used 64220K [0x00000000e0000000, 0x00000000e7480000, 0x0000000100000000)
  eden space 92160K, 69% used [0x00000000e0000000,0x00000000e3eb73b0,0x00000000e5a00000)
  from space 12800K, 0% used [0x00000000e6700000,0x00000000e6700000,0x00000000e7380000)
  to   space 13312K, 0% used [0x00000000e5a00000,0x00000000e5a00000,0x00000000e6700000)
 ParOldGen       total 202752K, used 17430K [0x00000000a0000000, 0x00000000ac600000, 0x00000000e0000000)
  object space 202752K, 8% used [0x00000000a0000000,0x00000000a1105a98,0x00000000ac600000)
 Metaspace       used 42165K, capacity 43060K, committed 43432K, reserved 1087488K
  class space    used 5732K, capacity 6003K, committed 6056K, reserved 1048576K
GC Heap History (10 events):
Event: 10.284 GC heap before
{Heap before GC invocations=4 (full 1):
 PSYoungGen      total 76288K, used 10739K [0x00000000e0000000, 0x00000000e5500000, 0x0000000100000000)
  eden space 65536K, 0% used [0x00000000e0000000,0x00000000e0000000,0x00000000e4000000)
  from space 10752K, 99% used [0x00000000e4000000,0x00000000e4a7cd78,0x00000000e4a80000)
  to   space 10752K, 0% used [0x00000000e4a80000,0x00000000e4a80000,0x00000000e5500000)
 ParOldGen       total 175104K, used 676K [0x00000000a0000000, 0x00000000aab00000, 0x00000000e0000000)
  object space 175104K, 0% used [0x00000000a0000000,0x00000000a00a90f8,0x00000000aab00000)
 Metaspace       used 20703K, capacity 21144K, committed 21296K, reserved 1067008K
  class space    used 2909K, capacity 3093K, committed 3200K, reserved 1048576K
Event: 10.400 GC heap after
Heap after GC invocations=4 (full 1):
 PSYoungGen      total 76288K, used 0K [0x00000000e0000000, 0x00000000e5500000, 0x0000000100000000)
  eden space 65536K, 0% used [0x00000000e0000000,0x00000000e0000000,0x00000000e4000000)
  from space 10752K, 0% used [0x00000000e4000000,0x00000000e4000000,0x00000000e4a80000)
  to   space 10752K, 0% used [0x00000000e4a80000,0x00000000e4a80000,0x00000000e5500000)
 ParOldGen       total 115712K, used 11065K [0x00000000a0000000, 0x00000000a7100000, 0x00000000e0000000)
  object space 115712K, 9% used [0x00000000a0000000,0x00000000a0ace6c0,0x00000000a7100000)
 Metaspace       used 20703K, capacity 21144K, committed 21296K, reserved 1067008K
  class space    used 2909K, capacity 3093K, committed 3200K, reserved 1048576K
}
Event: 12.524 GC heap before
{Heap before GC invocations=5 (full 1):
 PSYoungGen      total 76288K, used 65536K [0x00000000e0000000, 0x00000000e5500000, 0x0000000100000000)
  eden space 65536K, 100% used [0x00000000e0000000,0x00000000e4000000,0x00000000e4000000)
  from space 10752K, 0% used [0x00000000e4000000,0x00000000e4000000,0x00000000e4a80000)
  to   space 10752K, 0% used [0x00000000e4a80000,0x00000000e4a80000,0x00000000e5500000)
 ParOldGen       total 115712K, used 11065K [0x00000000a0000000, 0x00000000a7100000, 0x00000000e0000000)
  object space 115712K, 9% used [0x00000000a0000000,0x00000000a0ace6c0,0x00000000a7100000)
 Metaspace       used 27882K, capacity 28356K, committed 28672K, reserved 1073152K
  class space    used 3812K, capacity 3998K, committed 4096K, reserved 1048576K
Event: 12.541 GC heap after
Heap after GC invocations=5 (full 1):
 PSYoungGen      total 76288K, used 7227K [0x00000000e0000000, 0x00000000e6f80000, 0x0000000100000000)
  eden space 65536K, 0% used [0x00000000e0000000,0x00000000e0000000,0x00000000e4000000)
  from space 10752K, 67% used [0x00000000e4a80000,0x00000000e518eca8,0x00000000e5500000)
  to   space 10752K, 0% used [0x00000000e4000000,0x00000000e4000000,0x00000000e4a80000)
 ParOldGen       total 115712K, used 11073K [0x00000000a0000000, 0x00000000a7100000, 0x00000000e0000000)
  object space 115712K, 9% used [0x00000000a0000000,0x00000000a0ad06c0,0x00000000a7100000)
 Metaspace       used 27882K, capacity 28356K, committed 28672K, reserved 1073152K
  class space    used 3812K, capacity 3998K, committed 4096K, reserved 1048576K
}
Event: 15.529 GC heap before
{Heap before GC invocations=6 (full 1):
 PSYoungGen      total 76288K, used 72763K [0x00000000e0000000, 0x00000000e6f80000, 0x0000000100000000)
  eden space 65536K, 100% used [0x00000000e0000000,0x00000000e4000000,0x00000000e4000000)
  from space 10752K, 67% used [0x00000000e4a80000,0x00000000e518eca8,0x00000000e5500000)
  to   space 10752K, 0% used [0x00000000e4000000,0x00000000e4000000,0x00000000e4a80000)
 ParOldGen       total 115712K, used 11073K [0x00000000a0000000, 0x00000000a7100000, 0x00000000e0000000)
  object space 115712K, 9% used [0x00000000a0000000,0x00000000a0ad06c0,0x00000000a7100000)
 Metaspace       used 32248K, capacity 32814K, committed 33152K, reserved 1077248K
  class space    used 4445K, capacity 4643K, committed 4736K, reserved 1048576K
Event: 15.551 GC heap after
Heap after GC invocations=6 (full 1):
 PSYoungGen      total 76288K, used 9562K [0x00000000e0000000, 0x00000000e7380000, 0x0000000100000000)
  eden space 65536K, 0% used [0x00000000e0000000,0x00000000e0000000,0x00000000e4000000)
  from space 10752K, 88% used [0x00000000e4000000,0x00000000e4956888,0x00000000e4a80000)
  to   space 12800K, 0% used [0x00000000e6700000,0x00000000e6700000,0x00000000e7380000)
 ParOldGen       total 115712K, used 11081K [0x00000000a0000000, 0x00000000a7100000, 0x00000000e0000000)
  object space 115712K, 9% used [0x00000000a0000000,0x00000000a0ad26c0,0x00000000a7100000)
 Metaspace       used 32248K, capacity 32814K, committed 33152K, reserved 1077248K
  class space    used 4445K, capacity 4643K, committed 4736K, reserved 1048576K
}
Event: 18.509 GC heap before
{Heap before GC invocations=7 (full 1):
 PSYoungGen      total 76288K, used 58943K [0x00000000e0000000, 0x00000000e7380000, 0x0000000100000000)
  eden space 65536K, 75% used [0x00000000e0000000,0x00000000e3039758,0x00000000e4000000)
  from space 10752K, 88% used [0x00000000e4000000,0x00000000e4956888,0x00000000e4a80000)
  to   space 12800K, 0% used [0x00000000e6700000,0x00000000e6700000,0x00000000e7380000)
 ParOldGen       total 115712K, used 11081K [0x00000000a0000000, 0x00000000a7100000, 0x00000000e0000000)
  object space 115712K, 9% used [0x00000000a0000000,0x00000000a0ad26c0,0x00000000a7100000)
 Metaspace       used 34712K, capacity 35418K, committed 35496K, reserved 1079296K
  class space    used 4799K, capacity 5003K, committed 5032K, reserved 1048576K
Event: 18.532 GC heap after
Heap after GC invocations=7 (full 1):
 PSYoungGen      total 104960K, used 10594K [0x00000000e0000000, 0x00000000e7480000, 0x0000000100000000)
  eden space 92160K, 0% used [0x00000000e0000000,0x00000000e0000000,0x00000000e5a00000)
  from space 12800K, 82% used [0x00000000e6700000,0x00000000e71589d8,0x00000000e7380000)
  to   space 13312K, 0% used [0x00000000e5a00000,0x00000000e5a00000,0x00000000e6700000)
 ParOldGen       total 115712K, used 11089K [0x00000000a0000000, 0x00000000a7100000, 0x00000000e0000000)
  object space 115712K, 9% used [0x00000000a0000000,0x00000000a0ad46c0,0x00000000a7100000)
 Metaspace       used 34712K, capacity 35418K, committed 35496K, reserved 1079296K
  class space    used 4799K, capacity 5003K, committed 5032K, reserved 1048576K
}
Event: 18.532 GC heap before
{Heap before GC invocations=8 (full 2):
 PSYoungGen      total 104960K, used 10594K [0x00000000e0000000, 0x00000000e7480000, 0x0000000100000000)
  eden space 92160K, 0% used [0x00000000e0000000,0x00000000e0000000,0x00000000e5a00000)
  from space 12800K, 82% used [0x00000000e6700000,0x00000000e71589d8,0x00000000e7380000)
  to   space 13312K, 0% used [0x00000000e5a00000,0x00000000e5a00000,0x00000000e6700000)
 ParOldGen       total 115712K, used 11089K [0x00000000a0000000, 0x00000000a7100000, 0x00000000e0000000)
  object space 115712K, 9% used [0x00000000a0000000,0x00000000a0ad46c0,0x00000000a7100000)
 Metaspace       used 34712K, capacity 35418K, committed 35496K, reserved 1079296K
  class space    used 4799K, capacity 5003K, committed 5032K, reserved 1048576K
Event: 18.874 GC heap after
Heap after GC invocations=8 (full 2):
 PSYoungGen      total 104960K, used 0K [0x00000000e0000000, 0x00000000e7480000, 0x0000000100000000)
  eden space 92160K, 0% used [0x00000000e0000000,0x00000000e0000000,0x00000000e5a00000)
  from space 12800K, 0% used [0x00000000e6700000,0x00000000e6700000,0x00000000e7380000)
  to   space 13312K, 0% used [0x00000000e5a00000,0x00000000e5a00000,0x00000000e6700000)
 ParOldGen       total 202752K, used 17430K [0x00000000a0000000, 0x00000000ac600000, 0x00000000e0000000)
  object space 202752K, 8% used [0x00000000a0000000,0x00000000a1105a98,0x00000000ac600000)
 Metaspace       used 34708K, capacity 35406K, committed 35496K, reserved 1079296K
  class space    used 4798K, capacity 5001K, committed 5032K, reserved 1048576K
}

